<?xml version="1.0" encoding="UTF-8"?>
<testsuite xmlns:xsi="http://www.w3.org/2001/XMLSchema-instance" xsi:noNamespaceSchemaLocation="https://maven.apache.org/surefire/maven-surefire-plugin/xsd/surefire-test-report.xsd" name="TestSuite" time="121.628" tests="6" errors="0" skipped="0" failures="0">
  <properties>
[...]
</properties>
  <testcase name="loginTest" classname="com.Argus.testcases.TC_Logintest_001" time="3.434"/>
  <testcase name="LoginDDT" classname="com.Argus.testcases.TC_LoginDDT_002" time="11.314"/>
  <testcase name="LoginDDT" classname="com.Argus.testcases.TC_LoginDDT_002" time="11.307"/>
  <testcase name="LoginDDT" classname="com.Argus.testcases.TC_LoginDDT_002" time="11.91"/>
  <testcase name="LoginDDT" classname="com.Argus.testcases.TC_LoginDDT_002" time="11.392"/>
  <testcase name="LoginDDT" classname="com.Argus.testcases.TC_LoginDDT_002" time="11.576"/>
</testsuite>