<?xml version="1.0" encoding="UTF-8"?>
<!-- Generated by org.testng.reporters.JUnitXMLReporter -->
<testsuite hostname="VAIO" ignored="0" name="ArgusApp Test" tests="6" failures="0" timestamp="2020-07-20T19:57:04 IST" time="120.087" errors="0">
  <testcase name="loginTest" time="3.437" classname="com.Argus.testcases.TC_Logintest_001"/>
  <testcase name="LoginDDT" time="11.312" classname="com.Argus.testcases.TC_LoginDDT_002"/>
  <testcase name="LoginDDT" time="11.307" classname="com.Argus.testcases.TC_LoginDDT_002"/>
  <testcase name="LoginDDT" time="11.912" classname="com.Argus.testcases.TC_LoginDDT_002"/>
  <testcase name="LoginDDT" time="11.392" classname="com.Argus.testcases.TC_LoginDDT_002"/>
  <testcase name="LoginDDT" time="11.576" classname="com.Argus.testcases.TC_LoginDDT_002"/>
</testsuite> <!-- ArgusApp Test -->
